JvmtiExport can_access_local_variables 0
JvmtiExport can_hotswap_or_post_breakpoint 0
JvmtiExport can_post_on_exceptions 0
# 493 ciObject found
ciMethod java/lang/Object <init> ()V 4097 1 8728098 0 0
ciMethod java/lang/Object getClass ()Ljava/lang/Class; 2049 1 256 0 -1
ciMethod java/lang/Object hashCode ()I 2049 1 256 0 -1
ciMethod java/lang/Object equals (Ljava/lang/Object;)Z 2321 1 88412 0 -1
ciMethod java/lang/System arraycopy (Ljava/lang/Object;ILjava/lang/Object;II)V 4097 1 512 0 -1
ciMethod java/lang/System identityHashCode (Ljava/lang/Object;)I 2049 1 256 0 -1
ciMethod java/util/Map isEmpty ()Z 0 0 1 0 -1
ciMethod java/util/Map put (Ljava/lang/Object;Ljava/lang/Object;)Ljava/lang/Object; 0 0 1 0 -1
ciMethod java/util/Map keySet ()Ljava/util/Set; 0 0 1 0 -1
ciMethod java/lang/invoke/DirectMethodHandle internalMemberName (Ljava/lang/Object;)Ljava/lang/Object; 2057 1 723033 0 -1
ciMethod java/nio/Buffer position ()I 1185 1 148 0 0
ciMethod java/nio/Buffer position (I)Ljava/nio/Buffer; 561 1 5250 0 128
ciMethod java/nio/Buffer nextGetIndex ()I 25 1 20754 0 0
ciMethod java/nio/Buffer nextGetIndex (I)I 3305 1 6625 0 96
ciMethod java/util/List iterator ()Ljava/util/Iterator; 0 0 1 0 -1
ciMethod java/util/AbstractList <init> ()V 2057 1 372472 0 32
ciMethod java/util/AbstractList get (I)Ljava/lang/Object; 0 0 1 0 -1
ciMethod java/util/AbstractList iterator ()Ljava/util/Iterator; 2153 1 5402 0 192
ciMethod java/util/AbstractCollection <init> ()V 2577 1 985917 0 32
ciMethod java/util/AbstractCollection size ()I 0 0 1 0 -1
ciMethod java/util/ArrayList iterator ()Ljava/util/Iterator; 2081 1 10196 0 160
ciMethod java/util/ArrayList access$000 (Ljava/util/ArrayList;)I 1953 1 244 0 0
ciMethod java/util/Collections newSetFromMap (Ljava/util/Map;)Ljava/util/Set; 6433 1 43020 0 0
ciMethod java/util/Set add (Ljava/lang/Object;)Z 0 0 1 0 -1
ciMethod java/util/AbstractSet <init> ()V 65 1 250518 0 32
ciMethod java/util/AbstractMap <init> ()V 1353 1 244201 0 32
ciMethod java/util/Objects requireNonNull (Ljava/lang/Object;)Ljava/lang/Object; 2185 1 796297 0 64
ciMethod java/util/Iterator hasNext ()Z 0 0 1 0 -1
ciMethod java/util/Iterator next ()Ljava/lang/Object; 0 0 1 0 -1
ciMethod java/util/Arrays asList ([Ljava/lang/Object;)Ljava/util/List; 1857 1 45854 0 192
ciMethod java/nio/ByteBuffer get ()B 0 0 1 0 -1
ciMethod java/nio/ByteBuffer _get (I)B 0 0 1 0 -1
ciMethod java/nio/ByteBuffer getInt ()I 0 0 1 0 -1
ciMethod java/nio/HeapByteBuffer ix (I)I 401 1 299934 0 0
ciMethod java/nio/HeapByteBuffer get ()B 2169 1 5618 0 160
ciMethod java/nio/HeapByteBuffer _get (I)B 2161 1 100614 0 0
ciMethod java/nio/HeapByteBuffer getInt ()I 4097 1 15674 0 288
ciMethod java/nio/Bits makeInt (BBBB)I 3737 1 2767 0 64
ciMethod java/nio/Bits getIntL (Ljava/nio/ByteBuffer;I)I 2521 1 19074 0 0
ciMethod java/nio/Bits getIntB (Ljava/nio/ByteBuffer;I)I 1217 1 154 0 0
ciMethod java/nio/Bits getInt (Ljava/nio/ByteBuffer;IZ)I 2865 1 19226 0 0
ciMethod java/lang/Enum ordinal ()I 1065 1 133 0 -1
ciMethodData java/lang/Object <init> ()V 2 8728120 orig 264 88 29 142 83 0 0 0 0 128 4 170 23 0 0 0 0 32 1 0 0 0 0 0 0 0 0 0 0 0 0 0 0 0 0 0 0 0 0 0 0 0 0 0 0 0 0 0 0 0 0 0 0 0 0 0 0 0 0 0 0 0 0 0 0 0 0 0 0 0 0 0 0 0 0 0 0 0 0 0 0 77 68 79 32 101 120 116 114 97 32 100 97 116 97 32 108 111 99 107 0 0 0 0 0 0 0 0 0 0 0 0 0 0 0 0 0 0 0 0 0 0 0 0 0 0 0 0 0 0 0 0 0 0 0 0 0 0 0 0 0 0 0 0 0 0 0 0 0 0 0 0 0 0 0 0 0 0 0 0 0 0 0 0 0 0 0 0 0 0 0 0 0 0 0 0 0 0 0 0 0 0 0 0 0 1 0 0 0 0 0 0 0 1 0 0 0 0 0 0 0 1 0 0 0 0 0 0 0 0 0 0 0 0 0 0 0 0 2 0 0 185 97 41 4 1 0 0 0 0 0 0 0 0 0 0 0 2 0 0 0 0 0 3 0 1 0 0 0 0 0 0 0 255 255 255 255 0 0 0 0 0 0 0 0 data 0 oops 0
ciMethod java/util/Collections$SetFromMap <init> (Ljava/util/Map;)V 4009 1 31807 0 480
ciMethod java/util/Collections$SetFromMap add (Ljava/lang/Object;)Z 2065 1 41299 0 896
ciMethod java/util/concurrent/ConcurrentHashMap spread (I)I 3241 1 129199 0 -1
ciMethod java/util/concurrent/ConcurrentHashMap tabAt ([Ljava/util/concurrent/ConcurrentHashMap$Node;I)Ljava/util/concurrent/ConcurrentHashMap$Node; 3073 1 237836 0 -1
ciMethod java/util/concurrent/ConcurrentHashMap casTabAt ([Ljava/util/concurrent/ConcurrentHashMap$Node;ILjava/util/concurrent/ConcurrentHashMap$Node;Ljava/util/concurrent/ConcurrentHashMap$Node;)Z 1801 1 52059 0 -1
ciMethod java/util/concurrent/ConcurrentHashMap put (Ljava/lang/Object;Ljava/lang/Object;)Ljava/lang/Object; 2105 1 5524 0 64
ciMethod java/util/concurrent/ConcurrentHashMap putVal (Ljava/lang/Object;Ljava/lang/Object;Z)Ljava/lang/Object; 2129 313 69891 0 -1
ciMethod java/util/concurrent/ConcurrentHashMap initTable ()[Ljava/util/concurrent/ConcurrentHashMap$Node; 57 1 1911 0 -1
ciMethod java/util/concurrent/ConcurrentHashMap addCount (JI)V 1593 57 21785 0 -1
ciMethod java/util/concurrent/ConcurrentHashMap helpTransfer ([Ljava/util/concurrent/ConcurrentHashMap$Node;Ljava/util/concurrent/ConcurrentHashMap$Node;)[Ljava/util/concurrent/ConcurrentHashMap$Node; 0 0 4 0 -1
ciMethod java/util/concurrent/ConcurrentHashMap treeifyBin ([Ljava/util/concurrent/ConcurrentHashMap$Node;I)V 1 1 1 0 -1
ciMethod java/util/concurrent/ConcurrentHashMap$Node <init> (ILjava/lang/Object;Ljava/lang/Object;Ljava/util/concurrent/ConcurrentHashMap$Node;)V 1833 1 73703 0 -1
ciMethod java/util/Arrays$ArrayList <init> ([Ljava/lang/Object;)V 1857 1 46025 0 0
ciMethod java/util/AbstractList$Itr <init> (Ljava/util/AbstractList;)V 2073 1 11943 0 0
ciMethod java/util/AbstractList$Itr hasNext ()Z 2073 1 8523 0 96
ciMethod java/util/AbstractList$Itr next ()Ljava/lang/Object; 4017 1 5629 0 192
ciMethod java/util/AbstractList$Itr checkForComodification ()V 4017 1 5655 0 0
ciMethod java/util/AbstractList$Itr <init> (Ljava/util/AbstractList;Ljava/util/AbstractList$1;)V 2073 1 11943 0 96
ciMethod java/lang/invoke/MethodHandle linkToStatic (Ljava/lang/Object;Ljava/lang/invoke/MemberName;)Ljava/lang/Object; 0 0 1 0 -1
ciMethod java/util/ArrayList$Itr <init> (Ljava/util/ArrayList;)V 2081 1 15011 0 96
ciMethod java/util/ArrayList$Itr hasNext ()Z 2049 1 45008 0 96
ciMethod java/util/ArrayList$Itr next ()Ljava/lang/Object; 3097 1 5544 0 224
ciMethod java/util/ArrayList$Itr checkForComodification ()V 3097 1 7555 0 96
ciMethodData java/util/Objects requireNonNull (Ljava/lang/Object;)Ljava/lang/Object; 2 796306 orig 264 88 29 142 83 0 0 0 0 176 211 185 23 0 0 0 0 80 1 0 0 0 0 0 0 0 0 0 0 0 0 0 0 0 0 0 0 0 0 0 0 0 0 0 0 0 0 0 0 0 0 0 0 0 0 0 0 0 0 0 0 0 0 0 0 0 0 0 0 0 0 0 0 0 0 0 0 0 0 0 0 77 68 79 32 101 120 116 114 97 32 100 97 116 97 32 108 111 99 107 0 0 0 0 0 0 0 0 0 0 0 0 0 0 0 0 0 0 0 0 0 0 0 0 0 0 0 0 0 0 0 0 0 0 0 0 0 0 0 0 0 0 0 0 0 0 0 0 0 0 0 0 0 0 0 0 0 0 0 0 0 0 0 0 0 0 0 0 0 0 0 0 0 0 0 0 0 0 0 0 0 0 0 0 0 27 0 0 0 0 0 0 0 0 0 0 0 0 0 0 0 1 0 0 0 0 0 0 0 1 0 0 0 0 0 0 0 17 1 0 0 9 44 97 0 1 0 0 0 0 0 0 0 0 0 0 0 2 0 0 0 0 0 5 0 2 0 0 0 48 0 0 0 255 255 255 255 7 0 1 0 0 0 0 0 data 6 0x10007 0xc25f2 0x30 0x0 0x80002 0x0 oops 0
ciMethodData java/util/concurrent/ConcurrentHashMap putVal (Ljava/lang/Object;Ljava/lang/Object;Z)Ljava/lang/Object; 2 69891 orig 264 88 29 142 83 0 0 0 0 184 12 196 23 0 0 0 0 152 6 0 0 192 4 0 0 0 0 0 0 0 0 0 0 0 0 0 0 0 0 0 0 0 0 0 0 0 0 0 0 0 0 0 0 0 0 0 0 0 0 0 0 0 0 0 0 0 0 0 0 0 0 0 0 0 0 0 0 0 0 0 0 77 68 79 32 101 120 116 114 97 32 100 97 116 97 32 108 111 99 107 0 0 0 0 0 0 0 0 0 0 0 0 0 0 0 0 0 0 0 0 0 0 0 0 0 0 0 0 0 0 0 0 0 0 0 0 0 0 0 0 0 0 0 0 0 8 0 0 0 0 0 0 0 0 0 0 0 0 0 0 0 0 0 0 0 0 0 0 4 0 0 0 0 0 0 0 0 0 0 0 4 0 0 0 0 0 0 0 0 0 0 0 0 0 0 0 0 0 0 0 0 0 0 0 0 0 0 0 0 0 0 0 0 0 0 0 0 7 1 0 0 201 127 8 0 193 33 1 0 10 171 0 0 74 22 0 0 2 0 0 0 2 0 61 0 2 0 0 0 56 5 0 0 255 255 255 255 7 0 1 0 0 0 0 0 data 167 0x10007 0x0 0x40 0x10ffd 0x50007 0x1100b 0x30 0x0 0xc0002 0x0 0x110005 0xb62a 0x329684b0 0x2a6 0x3329e60 0x5741 0x140002 0x1101e 0x240007 0x494 0x40 0x1102f 0x2d0007 0x11039 0x48 0x0 0x310002 0x493 0x360003 0x494 0x430 0x450002 0x1102c 0x4b0007 0x76c2 0x78 0x998f 0x5c0002 0x998e 0x5f0002 0x99de 0x620007 0x8 0x3c8 0x99d5 0x650003 0x99d7 0x3c0 0x710007 0x76c2 0x68 0x0 0x790005 0x0 0x0 0x0 0x0 0x0 0x7e0003 0x0 0x340 0x8e0002 0x76cd 0x93e007 0x1 0x290 0x76cb 0x980007 0x0 0x180 0x76cb 0xa90007 0x67d5 0xe8 0x2e92 0xb50007 0x126 0x90 0x2d6c 0xba0007 0x0 0xa8 0x2d6c 0xc0f005 0x1768 0x3329e60 0x15e1 0x329684b0 0x27 0xc3e007 0x4 0x58 0x2d6d 0xcee007 0x2d47 0x98 0x14d 0xd70003 0x14d 0x78 0xe60007 0x1f9d 0x48 0x483b 0xf40002 0x483c 0xfa0003 0x4839 0x30 0x1000003 0x1f9d 0xfffffffffffffed0 0x1030003 0x76cc 0x108 0x1080004 0x0 0x0 0x0 0x0 0x0 0x10b0007 0x0 0xc0 0x0 0x1130004 0x0 0x0 0x0 0x0 0x0 0x11a0005 0x0 0x0 0x0 0x0 0x0 0x1200007 0x0 0x40 0x0 0x12b0007 0x0 0x20 0x0 0x1370003 0x76d7 0x18 0x1440007 0x1 0x70 0x76d6 0x14be007 0x76d5 0x30 0x1 0x1530002 0x1 0x1580007 0x4840 0x38 0x2e95 0x15e0003 0x49b 0xfffffffffffffb80 0x1650002 0xe210 oops 4